#-----------------------------------------------------------
# Webtalk v2015.4 (64-bit)
# SW Build 1412921 on Wed Nov 18 09:44:32 MST 2015
# 
# Start of session at: Sat Dec  2 16:03:02 2017
# Process ID: 11556
# Current directory: /home/yarib/SOFTWARE_PROJECT/SoC_Hardware/ccc-hw/ccc-hw.sdk/webtalk
# Command line: wbtcv -mode batch -source sdk_webtalk.tcl
# Log file: /home/yarib/SOFTWARE_PROJECT/SoC_Hardware/ccc-hw/ccc-hw.sdk/webtalk/webtalk.log
# Journal file: /home/yarib/SOFTWARE_PROJECT/SoC_Hardware/ccc-hw/ccc-hw.sdk/webtalk/webtalk.jou
#-----------------------------------------------------------
source sdk_webtalk.tcl
# webtalk_init -webtalk_dir /home/yarib/SOFTWARE_PROJECT/SoC_Hardware/ccc-hw/ccc-hw.sdk/webtalk
# webtalk_register_client -client project
# webtalk_add_data -client project -key date_generated -value "Sat Dec 2 16:03:02 2017" -context "software_version_and_target_device"
# webtalk_add_data -client project -key product_version -value "SDK v2015.4" -context "software_version_and_target_device"
# webtalk_add_data -client project -key build_version -value "2015.4" -context "software_version_and_target_device"
# webtalk_add_data -client project -key os_platform -value "amd64" -context "software_version_and_target_device"
# webtalk_add_data -client project -key registration_id -value "" -context "software_version_and_target_device"
# webtalk_add_data -client project -key tool_flow -value "SDK" -context "software_version_and_target_device"
# webtalk_add_data -client project -key beta -value "false" -context "software_version_and_target_device"
# webtalk_add_data -client project -key route_design -value "NA" -context "software_version_and_target_device"
# webtalk_add_data -client project -key target_family -value "NA" -context "software_version_and_target_device"
# webtalk_add_data -client project -key target_device -value "NA" -context "software_version_and_target_device"
# webtalk_add_data -client project -key target_package -value "NA" -context "software_version_and_target_device"
# webtalk_add_data -client project -key target_speed -value "NA" -context "software_version_and_target_device"
# webtalk_add_data -client project -key random_id -value "tc3rr6hndn8464r599b7gb5g5f" -context "software_version_and_target_device"
# webtalk_add_data -client project -key project_id -value "2015.4_18" -context "software_version_and_target_device"
# webtalk_add_data -client project -key project_iteration -value "18" -context "software_version_and_target_device"
# webtalk_add_data -client project -key os_name -value "" -context "user_environment"
# webtalk_add_data -client project -key os_release -value "" -context "user_environment"
# webtalk_add_data -client project -key cpu_name -value "" -context "user_environment"
# webtalk_add_data -client project -key cpu_speed -value "" -context "user_environment"
# webtalk_add_data -client project -key total_processors -value "" -context "user_environment"
# webtalk_add_data -client project -key system_ram -value "" -context "user_environment"
# webtalk_register_client -client sdk
# webtalk_add_data -client sdk -key uid -value "1512226563000" -context "sdk\\\\hardware/1512226563000"
# webtalk_add_data -client sdk -key isZynq -value "true" -context "sdk\\\\hardware/1512226563000"
# webtalk_add_data -client sdk -key Processors -value "2" -context "sdk\\\\hardware/1512226563000"
# webtalk_add_data -client sdk -key VivadoVersion -value "2015.4" -context "sdk\\\\hardware/1512226563000"
# webtalk_add_data -client sdk -key Arch -value "zynq" -context "sdk\\\\hardware/1512226563000"
# webtalk_add_data -client sdk -key Device -value "7z010" -context "sdk\\\\hardware/1512226563000"
# webtalk_add_data -client sdk -key IsHandoff -value "true" -context "sdk\\\\hardware/1512226563000"
# webtalk_add_data -client sdk -key uid -value "1512226601000" -context "sdk\\\\bsp/1512226601000"
# webtalk_add_data -client sdk -key hwid -value "1512226563000" -context "sdk\\\\bsp/1512226601000"
# webtalk_add_data -client sdk -key os -value "standalone" -context "sdk\\\\bsp/1512226601000"
# webtalk_add_data -client sdk -key apptemplate -value "zynq_fsbl" -context "sdk\\\\bsp/1512226601000"
# webtalk_add_data -client sdk -key uid -value "1512226610000" -context "sdk\\\\application/1512226610000"
# webtalk_add_data -client sdk -key hwid -value "1512226563000" -context "sdk\\\\application/1512226610000"
# webtalk_add_data -client sdk -key bspid -value "1512226601000" -context "sdk\\\\application/1512226610000"
# webtalk_add_data -client sdk -key newbsp -value "true" -context "sdk\\\\application/1512226610000"
# webtalk_add_data -client sdk -key os -value "standalone" -context "sdk\\\\application/1512226610000"
# webtalk_add_data -client sdk -key apptemplate -value "zynq_fsbl" -context "sdk\\\\application/1512226610000"
# webtalk_add_data -client sdk -key uid -value "1512226776000" -context "sdk\\\\bsp/1512226776000"
# webtalk_add_data -client sdk -key hwid -value "1512226563000" -context "sdk\\\\bsp/1512226776000"
# webtalk_add_data -client sdk -key os -value "standalone" -context "sdk\\\\bsp/1512226776000"
# webtalk_add_data -client sdk -key apptemplate -value "hello_world" -context "sdk\\\\bsp/1512226776000"
# webtalk_add_data -client sdk -key uid -value "1512226778000" -context "sdk\\\\application/1512226778000"
# webtalk_add_data -client sdk -key hwid -value "1512226563000" -context "sdk\\\\application/1512226778000"
# webtalk_add_data -client sdk -key bspid -value "1512226776000" -context "sdk\\\\application/1512226778000"
# webtalk_add_data -client sdk -key newbsp -value "true" -context "sdk\\\\application/1512226778000"
# webtalk_add_data -client sdk -key os -value "standalone" -context "sdk\\\\application/1512226778000"
# webtalk_add_data -client sdk -key apptemplate -value "hello_world" -context "sdk\\\\application/1512226778000"
# webtalk_transmit -clientid 1821056215 -regid "" -xml /home/yarib/SOFTWARE_PROJECT/SoC_Hardware/ccc-hw/ccc-hw.sdk/webtalk/usage_statistics_ext_sdk.xml -html /home/yarib/SOFTWARE_PROJECT/SoC_Hardware/ccc-hw/ccc-hw.sdk/webtalk/usage_statistics_ext_sdk.html -wdm /home/yarib/SOFTWARE_PROJECT/SoC_Hardware/ccc-hw/ccc-hw.sdk/webtalk/sdk_webtalk.wdm -intro "<H3>SDK Usage Report</H3><BR>"
# webtalk_terminate
INFO: [Common 17-206] Exiting Webtalk at Sat Dec  2 16:03:02 2017...
