Copyright 1986-2015 Xilinx, Inc. All Rights Reserved.
-----------------------------------------------------------------------------------------------
| Tool Version : Vivado v.2015.4 (lin64) Build 1412921 Wed Nov 18 09:44:32 MST 2015
| Date         : Wed Sep 13 02:43:14 2017
| Host         : eispl7903 running 64-bit Ubuntu 16.04.3 LTS
| Command      : report_control_sets -verbose -file ccc_design_wrapper_control_sets_placed.rpt
| Design       : ccc_design_wrapper
| Device       : xc7z010
-----------------------------------------------------------------------------------------------

Control Set Information

Table of Contents
-----------------
1. Summary
2. Flip-Flop Distribution
3. Detailed Control Set Information

1. Summary
----------

+-------------------------------------------------------------------+-------+
|                               Status                              | Count |
+-------------------------------------------------------------------+-------+
| Number of unique control sets                                     |    63 |
| Minimum Number of register sites lost to control set restrictions |    93 |
+-------------------------------------------------------------------+-------+


2. Flip-Flop Distribution
-------------------------

+--------------+-----------------------+------------------------+-----------------+--------------+
| Clock Enable | Synchronous Set/Reset | Asynchronous Set/Reset | Total Registers | Total Slices |
+--------------+-----------------------+------------------------+-----------------+--------------+
| No           | No                    | No                     |             299 |           98 |
| No           | No                    | Yes                    |               0 |            0 |
| No           | Yes                   | No                     |             172 |           57 |
| Yes          | No                    | No                     |             437 |           97 |
| Yes          | No                    | Yes                    |               0 |            0 |
| Yes          | Yes                   | No                     |             351 |           84 |
+--------------+-----------------------+------------------------+-----------------+--------------+


3. Detailed Control Set Information
-----------------------------------

+---------------------------------------------------+--------------------------------------------------------------------------------------------------------------------------------------------------------------------------------+-----------------------------------------------------------------------------------------------------------------------------------------------------------+------------------+----------------+
|                    Clock Signal                   |                                                                                  Enable Signal                                                                                 |                                                                      Set/Reset Signal                                                                     | Slice Load Count | Bel Load Count |
+---------------------------------------------------+--------------------------------------------------------------------------------------------------------------------------------------------------------------------------------+-----------------------------------------------------------------------------------------------------------------------------------------------------------+------------------+----------------+
|  ccc_design_i/processing_system7_0/inst/FCLK_CLK0 | ccc_design_i/processing_system7_0_axi_periph/s00_couplers/auto_pc/inst/gen_axilite.gen_b2s_conv.axilite_b2s/WR.b_channel_0/bid_fifo_0/bresp_push                               |                                                                                                                                                           |                1 |              2 |
| ~ccc_design_i/processing_system7_0/inst/FCLK_CLK0 |                                                                                                                                                                                |                                                                                                                                                           |                1 |              3 |
|  ccc_design_i/processing_system7_0/inst/FCLK_CLK0 |                                                                                                                                                                                | ccc_design_i/pmod/U0/AXI_LITE_IPIF_I/I_SLAVE_ATTACHMENT/INCLUDE_DPHASE_TIMER.dpto_cnt[3]_i_1_n_0                                                          |                2 |              4 |
|  ccc_design_i/processing_system7_0/inst/FCLK_CLK0 | ccc_design_i/processing_system7_0_axi_periph/s00_couplers/auto_pc/inst/gen_axilite.gen_b2s_conv.axilite_b2s/WR.aw_channel_0/aw_cmd_fsm_0/axlen_cnt_reg[4]                      | ccc_design_i/processing_system7_0_axi_periph/s00_couplers/auto_pc/inst/gen_axilite.gen_b2s_conv.axilite_b2s/WR.aw_channel_0/aw_cmd_fsm_0/axlen_cnt_reg[7] |                2 |              4 |
|  ccc_design_i/processing_system7_0/inst/FCLK_CLK0 | ccc_design_i/processing_system7_0_axi_periph/s00_couplers/auto_pc/inst/gen_axilite.gen_b2s_conv.axilite_b2s/WR.aw_channel_0/aw_cmd_fsm_0/axlen_cnt_reg[4]                      |                                                                                                                                                           |                1 |              4 |
|  ccc_design_i/processing_system7_0/inst/FCLK_CLK0 | ccc_design_i/processing_system7_0_axi_periph/s00_couplers/auto_pc/inst/gen_axilite.gen_b2s_conv.axilite_b2s/WR.aw_channel_0/aw_cmd_fsm_0/E[0]                                  |                                                                                                                                                           |                1 |              4 |
|  ccc_design_i/processing_system7_0/inst/FCLK_CLK0 | ccc_design_i/processing_system7_0_axi_periph/s00_couplers/auto_pc/inst/gen_axilite.gen_b2s_conv.axilite_b2s/RD.ar_channel_0/ar_cmd_fsm_0/axlen_cnt_reg[0]_0[0]                 |                                                                                                                                                           |                1 |              4 |
|  ccc_design_i/processing_system7_0/inst/FCLK_CLK0 | ccc_design_i/processing_system7_0_axi_periph/s00_couplers/auto_pc/inst/gen_axilite.gen_b2s_conv.axilite_b2s/RD.ar_channel_0/ar_cmd_fsm_0/axlen_cnt_reg[4]                      |                                                                                                                                                           |                1 |              4 |
|  ccc_design_i/processing_system7_0/inst/FCLK_CLK0 | ccc_design_i/processing_system7_0_axi_periph/s00_couplers/auto_pc/inst/gen_axilite.gen_b2s_conv.axilite_b2s/RD.ar_channel_0/ar_cmd_fsm_0/axlen_cnt_reg[4]                      | ccc_design_i/processing_system7_0_axi_periph/s00_couplers/auto_pc/inst/gen_axilite.gen_b2s_conv.axilite_b2s/RD.ar_channel_0/ar_cmd_fsm_0/axlen_cnt_reg[7] |                1 |              4 |
|  ccc_design_i/processing_system7_0/inst/FCLK_CLK0 |                                                                                                                                                                                | ccc_design_i/rst_processing_system7_0_100M/U0/EXT_LPF/lpf_int                                                                                             |                2 |              5 |
|  ccc_design_i/processing_system7_0/inst/FCLK_CLK0 | ccc_design_i/rst_processing_system7_0_100M/U0/SEQ/seq_cnt_en                                                                                                                   | ccc_design_i/rst_processing_system7_0_100M/U0/SEQ/SEQ_COUNTER/clear                                                                                       |                1 |              6 |
|  ccc_design_i/processing_system7_0/inst/FCLK_CLK0 | ccc_design_i/ESPI_0/U0/ESPI_v1_0_S00_AXI_inst/slv_reg0[14]_i_1_n_0                                                                                                             | ccc_design_i/ESPI_0/U0/ESPI_v1_0_S00_AXI_inst/espi_instance/reset                                                                                         |                2 |              7 |
|  ccc_design_i/processing_system7_0/inst/FCLK_CLK0 | ccc_design_i/ESPI_0/U0/ESPI_v1_0_S00_AXI_inst/espi_instance/i_tx_buffer[7]_i_1_n_0                                                                                             | ccc_design_i/ESPI_0/U0/ESPI_v1_0_S00_AXI_inst/espi_instance/reset                                                                                         |                1 |              7 |
|  ccc_design_i/processing_system7_0/inst/FCLK_CLK0 | ccc_design_i/ESPI_0/U0/ESPI_v1_0_S00_AXI_inst/slv_reg3[7]_i_1_n_0                                                                                                              | ccc_design_i/ESPI_0/U0/ESPI_v1_0_S00_AXI_inst/espi_instance/reset                                                                                         |                1 |              8 |
|  ccc_design_i/processing_system7_0/inst/FCLK_CLK0 | ccc_design_i/ESPI_0/U0/ESPI_v1_0_S00_AXI_inst/slv_reg3[23]_i_1_n_0                                                                                                             | ccc_design_i/ESPI_0/U0/ESPI_v1_0_S00_AXI_inst/espi_instance/reset                                                                                         |                2 |              8 |
|  ccc_design_i/processing_system7_0/inst/FCLK_CLK0 | ccc_design_i/ESPI_0/U0/ESPI_v1_0_S00_AXI_inst/slv_reg3[31]_i_1_n_0                                                                                                             | ccc_design_i/ESPI_0/U0/ESPI_v1_0_S00_AXI_inst/espi_instance/reset                                                                                         |                1 |              8 |
|  ccc_design_i/processing_system7_0/inst/FCLK_CLK0 | ccc_design_i/ESPI_0/U0/ESPI_v1_0_S00_AXI_inst/slv_reg3[15]_i_1_n_0                                                                                                             | ccc_design_i/ESPI_0/U0/ESPI_v1_0_S00_AXI_inst/espi_instance/reset                                                                                         |                2 |              8 |
|  ccc_design_i/processing_system7_0/inst/FCLK_CLK0 | ccc_design_i/ESPI_0/U0/ESPI_v1_0_S00_AXI_inst/espi_instance/i_tx_buffer[23]_i_1_n_0                                                                                            | ccc_design_i/ESPI_0/U0/ESPI_v1_0_S00_AXI_inst/espi_instance/reset                                                                                         |                2 |              8 |
|  ccc_design_i/processing_system7_0/inst/FCLK_CLK0 | ccc_design_i/ESPI_0/U0/ESPI_v1_0_S00_AXI_inst/espi_instance/i_tx_buffer[31]_i_1_n_0                                                                                            | ccc_design_i/ESPI_0/U0/ESPI_v1_0_S00_AXI_inst/espi_instance/reset                                                                                         |                2 |              8 |
|  ccc_design_i/processing_system7_0/inst/FCLK_CLK0 | ccc_design_i/ESPI_0/U0/ESPI_v1_0_S00_AXI_inst/espi_instance/i_tx_buffer[15]_i_1_n_0                                                                                            | ccc_design_i/ESPI_0/U0/ESPI_v1_0_S00_AXI_inst/espi_instance/reset                                                                                         |                3 |              8 |
|  ccc_design_i/processing_system7_0/inst/FCLK_CLK0 | ccc_design_i/processing_system7_0_axi_periph/s00_couplers/auto_pc/inst/gen_axilite.gen_b2s_conv.axilite_b2s/WR.b_channel_0/mhandshake_r                                        | ccc_design_i/processing_system7_0_axi_periph/s00_couplers/auto_pc/inst/gen_axilite.gen_b2s_conv.axilite_b2s/WR.b_channel_0/bid_fifo_0/SR[0]               |                2 |              8 |
|  ccc_design_i/processing_system7_0/inst/FCLK_CLK0 | ccc_design_i/ESPI_0/U0/ESPI_v1_0_S00_AXI_inst/slv_reg2[7]_i_1_n_0                                                                                                              | ccc_design_i/ESPI_0/U0/ESPI_v1_0_S00_AXI_inst/espi_instance/reset                                                                                         |                1 |              8 |
| ~ccc_design_i/processing_system7_0/inst/FCLK_CLK0 |                                                                                                                                                                                | ccc_design_i/ESPI_0/U0/ESPI_v1_0_S00_AXI_inst/espi_instance/baud_rate_counter[7]_i_1_n_0                                                                  |                2 |              8 |
|  ccc_design_i/processing_system7_0/inst/FCLK_CLK0 |                                                                                                                                                                                | ccc_design_i/processing_system7_0_axi_periph/s00_couplers/auto_pc/inst/gen_axilite.gen_b2s_conv.axilite_b2s/SI_REG/r_pipe/SR[0]                           |                3 |              8 |
|  ccc_design_i/processing_system7_0/inst/FCLK_CLK0 | ccc_design_i/ESPI_0/U0/ESPI_v1_0_S00_AXI_inst/slv_reg0[7]_i_1_n_0                                                                                                              | ccc_design_i/ESPI_0/U0/ESPI_v1_0_S00_AXI_inst/espi_instance/reset                                                                                         |                1 |              8 |
|  ccc_design_i/processing_system7_0/inst/FCLK_CLK0 | ccc_design_i/ESPI_0/U0/ESPI_v1_0_S00_AXI_inst/slv_reg1[15]_i_1_n_0                                                                                                             | ccc_design_i/ESPI_0/U0/ESPI_v1_0_S00_AXI_inst/espi_instance/reset                                                                                         |                1 |              8 |
|  ccc_design_i/processing_system7_0/inst/FCLK_CLK0 | ccc_design_i/ESPI_0/U0/ESPI_v1_0_S00_AXI_inst/slv_reg1[23]_i_1_n_0                                                                                                             | ccc_design_i/ESPI_0/U0/ESPI_v1_0_S00_AXI_inst/espi_instance/reset                                                                                         |                2 |              8 |
|  ccc_design_i/processing_system7_0/inst/FCLK_CLK0 | ccc_design_i/ESPI_0/U0/ESPI_v1_0_S00_AXI_inst/slv_reg1[31]_i_1_n_0                                                                                                             | ccc_design_i/ESPI_0/U0/ESPI_v1_0_S00_AXI_inst/espi_instance/reset                                                                                         |                1 |              8 |
|  ccc_design_i/processing_system7_0/inst/FCLK_CLK0 | ccc_design_i/ESPI_0/U0/ESPI_v1_0_S00_AXI_inst/slv_reg2[31]_i_1_n_0                                                                                                             | ccc_design_i/ESPI_0/U0/ESPI_v1_0_S00_AXI_inst/espi_instance/reset                                                                                         |                1 |              8 |
|  ccc_design_i/processing_system7_0/inst/FCLK_CLK0 | ccc_design_i/ESPI_0/U0/ESPI_v1_0_S00_AXI_inst/slv_reg2[23]_i_1_n_0                                                                                                             | ccc_design_i/ESPI_0/U0/ESPI_v1_0_S00_AXI_inst/espi_instance/reset                                                                                         |                2 |              8 |
|  ccc_design_i/processing_system7_0/inst/FCLK_CLK0 | ccc_design_i/ESPI_0/U0/ESPI_v1_0_S00_AXI_inst/slv_reg2[15]_i_1_n_0                                                                                                             | ccc_design_i/ESPI_0/U0/ESPI_v1_0_S00_AXI_inst/espi_instance/reset                                                                                         |                1 |              8 |
|  ccc_design_i/processing_system7_0/inst/FCLK_CLK0 | ccc_design_i/ESPI_0/U0/ESPI_v1_0_S00_AXI_inst/slv_reg1[7]_i_1_n_0                                                                                                              | ccc_design_i/ESPI_0/U0/ESPI_v1_0_S00_AXI_inst/espi_instance/reset                                                                                         |                2 |              8 |
|  ccc_design_i/processing_system7_0/inst/FCLK_CLK0 |                                                                                                                                                                                | ccc_design_i/processing_system7_0_axi_periph/xbar/inst/gen_sasd.crossbar_sasd_0/addr_arbiter_inst/SR[0]                                                   |                5 |             10 |
|  ccc_design_i/processing_system7_0/inst/FCLK_CLK0 | ccc_design_i/processing_system7_0_axi_periph/s00_couplers/auto_pc/inst/gen_axilite.gen_b2s_conv.axilite_b2s/WR.aw_channel_0/aw_cmd_fsm_0/wrap_boundary_axaddr_r_reg[11]        |                                                                                                                                                           |                5 |             12 |
|  ccc_design_i/processing_system7_0/inst/FCLK_CLK0 | ccc_design_i/processing_system7_0_axi_periph/s00_couplers/auto_pc/inst/gen_axilite.gen_b2s_conv.axilite_b2s/WR.aw_channel_0/aw_cmd_fsm_0/axaddr_wrap_reg[0][0]                 |                                                                                                                                                           |                4 |             12 |
|  ccc_design_i/processing_system7_0/inst/FCLK_CLK0 | ccc_design_i/processing_system7_0_axi_periph/s00_couplers/auto_pc/inst/gen_axilite.gen_b2s_conv.axilite_b2s/RD.ar_channel_0/ar_cmd_fsm_0/axaddr_incr_reg[0]                    |                                                                                                                                                           |                3 |             12 |
|  ccc_design_i/processing_system7_0/inst/FCLK_CLK0 | ccc_design_i/processing_system7_0_axi_periph/s00_couplers/auto_pc/inst/gen_axilite.gen_b2s_conv.axilite_b2s/WR.aw_channel_0/cmd_translator_0/incr_cmd_0/axaddr_incr[0]_i_1_n_0 |                                                                                                                                                           |                3 |             12 |
|  ccc_design_i/processing_system7_0/inst/FCLK_CLK0 | ccc_design_i/processing_system7_0_axi_periph/s00_couplers/auto_pc/inst/gen_axilite.gen_b2s_conv.axilite_b2s/RD.ar_channel_0/ar_cmd_fsm_0/axaddr_wrap_reg[0][0]                 |                                                                                                                                                           |                4 |             12 |
|  ccc_design_i/processing_system7_0/inst/FCLK_CLK0 | ccc_design_i/processing_system7_0_axi_periph/s00_couplers/auto_pc/inst/gen_axilite.gen_b2s_conv.axilite_b2s/RD.ar_channel_0/ar_cmd_fsm_0/E[0]                                  |                                                                                                                                                           |                5 |             12 |
|  ccc_design_i/processing_system7_0/inst/FCLK_CLK0 | ccc_design_i/processing_system7_0_axi_periph/s00_couplers/auto_pc/inst/gen_axilite.gen_b2s_conv.axilite_b2s/RD.r_channel_0/r_push_r                                            |                                                                                                                                                           |                4 |             13 |
|  ccc_design_i/processing_system7_0/inst/FCLK_CLK0 | ccc_design_i/processing_system7_0_axi_periph/s00_couplers/auto_pc/inst/gen_axilite.gen_b2s_conv.axilite_b2s/SI_REG/b_pipe/p_1_in                                               |                                                                                                                                                           |                2 |             14 |
|  ccc_design_i/processing_system7_0/inst/FCLK_CLK0 | ccc_design_i/processing_system7_0_axi_periph/s00_couplers/auto_pc/inst/gen_axilite.gen_b2s_conv.axilite_b2s/SI_REG/b_pipe/skid_buffer_reg[0]_0                                 |                                                                                                                                                           |                2 |             14 |
|  ccc_design_i/processing_system7_0/inst/FCLK_CLK0 |                                                                                                                                                                                | ccc_design_i/ESPI_0/U0/ESPI_v1_0_S00_AXI_inst/espi_instance/reset                                                                                         |                6 |             15 |
|  ccc_design_i/processing_system7_0/inst/FCLK_CLK0 | ccc_design_i/processing_system7_0_axi_periph/xbar/inst/gen_sasd.crossbar_sasd_0/addr_arbiter_inst/p_0_in1_in                                                                   | ccc_design_i/processing_system7_0_axi_periph/xbar/inst/gen_sasd.crossbar_sasd_0/addr_arbiter_inst/SR[0]                                                   |                7 |             19 |
|  ccc_design_i/processing_system7_0/inst/FCLK_CLK0 | ccc_design_i/processing_system7_0_axi_periph/s00_couplers/auto_pc/inst/gen_axilite.gen_b2s_conv.axilite_b2s/WR.aw_channel_0/aw_cmd_fsm_0/b_push                                |                                                                                                                                                           |                5 |             20 |
|  ccc_design_i/processing_system7_0/inst/FCLK_CLK0 | ccc_design_i/pmod/U0/AXI_LITE_IPIF_I/I_SLAVE_ATTACHMENT/s_axi_rdata_i                                                                                                          | ccc_design_i/pmod/U0/AXI_LITE_IPIF_I/I_SLAVE_ATTACHMENT/SR                                                                                                |                9 |             24 |
|  ccc_design_i/processing_system7_0/inst/FCLK_CLK0 | ccc_design_i/pmod/U0/AXI_LITE_IPIF_I/I_SLAVE_ATTACHMENT/I_DECODER/E[0]                                                                                                         | ccc_design_i/pmod/U0/AXI_LITE_IPIF_I/I_SLAVE_ATTACHMENT/SR                                                                                                |                7 |             24 |
|  ccc_design_i/processing_system7_0/inst/FCLK_CLK0 | ccc_design_i/pmod/U0/AXI_LITE_IPIF_I/I_SLAVE_ATTACHMENT/I_DECODER/Not_Dual.gpio_OE_reg[0][0]                                                                                   | ccc_design_i/pmod/U0/AXI_LITE_IPIF_I/I_SLAVE_ATTACHMENT/SR                                                                                                |                6 |             24 |
|  ccc_design_i/processing_system7_0/inst/FCLK_CLK0 |                                                                                                                                                                                | ccc_design_i/pmod/U0/gpio_core_1/Read_Reg_Rst                                                                                                             |               11 |             24 |
|  ccc_design_i/processing_system7_0/inst/FCLK_CLK0 | ccc_design_i/ESPI_0/U0/ESPI_v1_0_S00_AXI_inst/espi_instance/i_rx_buffer[31]_i_2_n_0                                                                                            | ccc_design_i/ESPI_0/U0/ESPI_v1_0_S00_AXI_inst/espi_instance/i_rx_buffer[31]_i_1_n_0                                                                       |                5 |             32 |
|  ccc_design_i/processing_system7_0/inst/FCLK_CLK0 | ccc_design_i/ESPI_0/U0/ESPI_v1_0_S00_AXI_inst/espi_instance/data_rx[31]_i_1_n_0                                                                                                | ccc_design_i/ESPI_0/U0/ESPI_v1_0_S00_AXI_inst/espi_instance/i_rx_buffer[31]_i_1_n_0                                                                       |                4 |             32 |
|  ccc_design_i/processing_system7_0/inst/FCLK_CLK0 | ccc_design_i/ESPI_0/U0/ESPI_v1_0_S00_AXI_inst/slv_reg_rden                                                                                                                     | ccc_design_i/ESPI_0/U0/ESPI_v1_0_S00_AXI_inst/espi_instance/reset                                                                                         |               12 |             32 |
|  ccc_design_i/processing_system7_0/inst/FCLK_CLK0 | ccc_design_i/processing_system7_0_axi_periph/s00_couplers/auto_pc/inst/gen_axilite.gen_b2s_conv.axilite_b2s/RD.r_channel_0/rd_data_fifo_0/wr_en0                               |                                                                                                                                                           |                9 |             34 |
|  ccc_design_i/processing_system7_0/inst/FCLK_CLK0 | ccc_design_i/processing_system7_0_axi_periph/xbar/inst/gen_sasd.crossbar_sasd_0/addr_arbiter_inst/E[0]                                                                         |                                                                                                                                                           |                7 |             35 |
|  ccc_design_i/processing_system7_0/inst/FCLK_CLK0 |                                                                                                                                                                                | ccc_design_i/pmod/U0/AXI_LITE_IPIF_I/I_SLAVE_ATTACHMENT/SR                                                                                                |               13 |             39 |
|  ccc_design_i/processing_system7_0/inst/FCLK_CLK0 | ccc_design_i/processing_system7_0_axi_periph/s00_couplers/auto_pc/inst/gen_axilite.gen_b2s_conv.axilite_b2s/SI_REG/r_pipe/skid_buffer_reg[0]_0                                 |                                                                                                                                                           |                8 |             47 |
|  ccc_design_i/processing_system7_0/inst/FCLK_CLK0 | ccc_design_i/processing_system7_0_axi_periph/s00_couplers/auto_pc/inst/gen_axilite.gen_b2s_conv.axilite_b2s/SI_REG/r_pipe/p_1_in                                               |                                                                                                                                                           |                9 |             47 |
|  ccc_design_i/processing_system7_0/inst/FCLK_CLK0 | ccc_design_i/processing_system7_0_axi_periph/s00_couplers/auto_pc/inst/gen_axilite.gen_b2s_conv.axilite_b2s/WR.aw_channel_0/aw_cmd_fsm_0/m_payload_i_reg[0][0]                 |                                                                                                                                                           |               10 |             48 |
|  ccc_design_i/processing_system7_0/inst/FCLK_CLK0 | ccc_design_i/processing_system7_0_axi_periph/s00_couplers/auto_pc/inst/gen_axilite.gen_b2s_conv.axilite_b2s/RD.ar_channel_0/ar_cmd_fsm_0/m_payload_i_reg[0]_1[0]               |                                                                                                                                                           |               10 |             48 |
|  ccc_design_i/processing_system7_0/inst/FCLK_CLK0 | ccc_design_i/processing_system7_0_axi_periph/s00_couplers/auto_pc/inst/gen_axilite.gen_b2s_conv.axilite_b2s/SI_REG/ar_pipe/skid_buffer_reg[0]_0                                |                                                                                                                                                           |               11 |             48 |
|  ccc_design_i/processing_system7_0/inst/FCLK_CLK0 | ccc_design_i/processing_system7_0_axi_periph/s00_couplers/auto_pc/inst/gen_axilite.gen_b2s_conv.axilite_b2s/SI_REG/aw_pipe/skid_buffer_reg[0]_0                                |                                                                                                                                                           |               10 |             48 |
|  ccc_design_i/processing_system7_0/inst/FCLK_CLK0 |                                                                                                                                                                                | ccc_design_i/processing_system7_0_axi_periph/s00_couplers/auto_pc/inst/gen_axilite.gen_b2s_conv.axilite_b2s/areset_d1                                     |               13 |             59 |
|  ccc_design_i/processing_system7_0/inst/FCLK_CLK0 |                                                                                                                                                                                |                                                                                                                                                           |               98 |            297 |
+---------------------------------------------------+--------------------------------------------------------------------------------------------------------------------------------------------------------------------------------+-----------------------------------------------------------------------------------------------------------------------------------------------------------+------------------+----------------+


