Copyright 1986-2015 Xilinx, Inc. All Rights Reserved.
-----------------------------------------------------------------------------------------------------------------------------------
| Tool Version     : Vivado v.2015.4 (lin64) Build 1412921 Wed Nov 18 09:44:32 MST 2015
| Date             : Wed Sep 13 02:43:28 2017
| Host             : eispl7903 running 64-bit Ubuntu 16.04.3 LTS
| Command          : report_power -file ccc_design_wrapper_power_routed.rpt -pb ccc_design_wrapper_power_summary_routed.pb
| Design           : ccc_design_wrapper
| Device           : xc7z010clg400-1
| Design State     : routed
| Grade            : commercial
| Process          : typical
| Characterization : Production
-----------------------------------------------------------------------------------------------------------------------------------

Power Report

Table of Contents
-----------------
1. Summary
1.1 On-Chip Components
1.2 Power Supply Summary
1.3 Confidence Level
2. Settings
2.1 Environment
2.2 Clock Constraints
3. Detailed Reports
3.1 By Hierarchy

1. Summary
----------

+--------------------------+-------+
| Total On-Chip Power (W)  | 1.710 |
| Dynamic (W)              | 1.577 |
| Device Static (W)        | 0.134 |
| Effective TJA (C/W)      | 11.5  |
| Max Ambient (C)          | 65.3  |
| Junction Temperature (C) | 44.7  |
| Confidence Level         | Low   |
| Setting File             | ---   |
| Simulation Activity File | ---   |
| Design Nets Matched      | NA    |
+--------------------------+-------+


1.1 On-Chip Components
----------------------

+-------------------------+-----------+----------+-----------+-----------------+
| On-Chip                 | Power (W) | Used     | Available | Utilization (%) |
+-------------------------+-----------+----------+-----------+-----------------+
| Clocks                  |     0.005 |        3 |       --- |             --- |
| Slice Logic             |     0.002 |     2443 |       --- |             --- |
|   LUT as Logic          |     0.002 |      694 |     17600 |            3.94 |
|   Register              |    <0.001 |     1259 |     35200 |            3.58 |
|   CARRY4                |    <0.001 |       18 |      4400 |            0.41 |
|   LUT as Shift Register |    <0.001 |       68 |      6000 |            1.13 |
|   Others                |     0.000 |      208 |       --- |             --- |
| Signals                 |     0.003 |     1937 |       --- |             --- |
| I/O                     |     0.010 |       30 |       100 |           30.00 |
| PS7                     |     1.557 |        1 |       --- |             --- |
| Static Power            |     0.134 |          |           |                 |
| Total                   |     1.710 |          |           |                 |
+-------------------------+-----------+----------+-----------+-----------------+


1.2 Power Supply Summary
------------------------

+-----------+-------------+-----------+-------------+------------+
| Source    | Voltage (V) | Total (A) | Dynamic (A) | Static (A) |
+-----------+-------------+-----------+-------------+------------+
| Vccint    |       1.000 |     0.017 |       0.010 |      0.007 |
| Vccaux    |       1.800 |     0.012 |       0.000 |      0.012 |
| Vcco33    |       3.300 |     0.004 |       0.003 |      0.001 |
| Vcco25    |       2.500 |     0.000 |       0.000 |      0.000 |
| Vcco18    |       1.800 |     0.001 |       0.000 |      0.001 |
| Vcco15    |       1.500 |     0.001 |       0.000 |      0.001 |
| Vcco135   |       1.350 |     0.000 |       0.000 |      0.000 |
| Vcco12    |       1.200 |     0.000 |       0.000 |      0.000 |
| Vccaux_io |       1.800 |     0.000 |       0.000 |      0.000 |
| Vccbram   |       1.000 |     0.000 |       0.000 |      0.000 |
| MGTAVcc   |       1.000 |     0.000 |       0.000 |      0.000 |
| MGTAVtt   |       1.200 |     0.000 |       0.000 |      0.000 |
| MGTVccaux |       1.800 |     0.000 |       0.000 |      0.000 |
| Vccpint   |       1.000 |     0.734 |       0.703 |      0.030 |
| Vccpaux   |       1.800 |     0.085 |       0.074 |      0.010 |
| Vccpll    |       1.800 |     0.017 |       0.014 |      0.003 |
| Vcco_ddr  |       1.500 |     0.458 |       0.456 |      0.002 |
| Vcco_mio0 |       3.300 |     0.003 |       0.002 |      0.001 |
| Vcco_mio1 |       1.800 |     0.004 |       0.003 |      0.001 |
| Vccadc    |       1.800 |     0.020 |       0.000 |      0.020 |
+-----------+-------------+-----------+-------------+------------+


1.3 Confidence Level
--------------------

+-----------------------------+------------+--------------------------------------------------------+------------------------------------------------------------------------------------------------------------+
| User Input Data             | Confidence | Details                                                | Action                                                                                                     |
+-----------------------------+------------+--------------------------------------------------------+------------------------------------------------------------------------------------------------------------+
| Design implementation state | High       | Design is routed                                       |                                                                                                            |
| Clock nodes activity        | High       | User specified more than 95% of clocks                 |                                                                                                            |
| I/O nodes activity          | Low        | More than 75% of inputs are missing user specification | Provide missing input activity with simulation results or by editing the "By Resource Type -> I/Os" view   |
| Internal nodes activity     | Medium     | User specified less than 25% of internal nodes         | Provide missing internal nodes activity with simulation results or by editing the "By Resource Type" views |
| Device models               | High       | Device models are Production                           |                                                                                                            |
|                             |            |                                                        |                                                                                                            |
| Overall confidence level    | Low        |                                                        |                                                                                                            |
+-----------------------------+------------+--------------------------------------------------------+------------------------------------------------------------------------------------------------------------+


2. Settings
-----------

2.1 Environment
---------------

+-----------------------+------------------------+
| Ambient Temp (C)      | 25.0                   |
| ThetaJA (C/W)         | 11.5                   |
| Airflow (LFM)         | 250                    |
| Heat Sink             | none                   |
| ThetaSA (C/W)         | 0.0                    |
| Board Selection       | medium (10"x10")       |
| # of Board Layers     | 8to11 (8 to 11 Layers) |
| Board Temperature (C) | 25.0                   |
+-----------------------+------------------------+


2.2 Clock Constraints
---------------------

+------------+---------------------------------------------------------------+-----------------+
| Clock      | Domain                                                        | Constraint (ns) |
+------------+---------------------------------------------------------------+-----------------+
| clk_fpga_0 | ccc_design_i/processing_system7_0/inst/FCLK_CLK_unbuffered[0] |            10.0 |
+------------+---------------------------------------------------------------+-----------------+


3. Detailed Reports
-------------------

3.1 By Hierarchy
----------------

+--------------------------------------------------+-----------+
| Name                                             | Power (W) |
+--------------------------------------------------+-----------+
| ccc_design_wrapper                               |     1.577 |
|   ccc_design_i                                   |     1.566 |
|     ESPI_0                                       |     0.001 |
|       U0                                         |     0.001 |
|         ESPI_v1_0_S00_AXI_inst                   |     0.001 |
|           espi_instance                          |    <0.001 |
|     pmod                                         |     0.001 |
|       U0                                         |     0.001 |
|         AXI_LITE_IPIF_I                          |    <0.001 |
|           I_SLAVE_ATTACHMENT                     |    <0.001 |
|             I_DECODER                            |    <0.001 |
|         gpio_core_1                              |    <0.001 |
|           Not_Dual.INPUT_DOUBLE_REGS3            |    <0.001 |
|     processing_system7_0                         |     1.557 |
|       inst                                       |     1.557 |
|         xlnx_axi_wrshim_unwrap_inst_gp0          |     0.000 |
|         xlnx_axi_wrshim_unwrap_inst_gp1          |     0.000 |
|     processing_system7_0_axi_periph              |     0.006 |
|       s00_couplers                               |     0.005 |
|         auto_pc                                  |     0.005 |
|           inst                                   |     0.005 |
|             gen_axilite.gen_b2s_conv.axilite_b2s |     0.005 |
|               RD.ar_channel_0                    |     0.001 |
|                 ar_cmd_fsm_0                     |    <0.001 |
|                 cmd_translator_0                 |    <0.001 |
|                   incr_cmd_0                     |    <0.001 |
|                   wrap_cmd_0                     |    <0.001 |
|               RD.r_channel_0                     |     0.001 |
|                 rd_data_fifo_0                   |    <0.001 |
|                 transaction_fifo_0               |    <0.001 |
|               SI_REG                             |     0.002 |
|                 ar_pipe                          |    <0.001 |
|                 aw_pipe                          |    <0.001 |
|                 b_pipe                           |    <0.001 |
|                 r_pipe                           |    <0.001 |
|               WR.aw_channel_0                    |    <0.001 |
|                 aw_cmd_fsm_0                     |    <0.001 |
|                 cmd_translator_0                 |    <0.001 |
|                   incr_cmd_0                     |    <0.001 |
|                   wrap_cmd_0                     |    <0.001 |
|               WR.b_channel_0                     |    <0.001 |
|                 bid_fifo_0                       |    <0.001 |
|                 bresp_fifo_0                     |    <0.001 |
|       xbar                                       |     0.001 |
|         inst                                     |     0.001 |
|           gen_sasd.crossbar_sasd_0               |     0.001 |
|             addr_arbiter_inst                    |    <0.001 |
|             gen_decerr.decerr_slave_inst         |    <0.001 |
|             reg_slice_r                          |    <0.001 |
|             splitter_ar                          |    <0.001 |
|             splitter_aw                          |    <0.001 |
|     rst_processing_system7_0_100M                |    <0.001 |
|       U0                                         |    <0.001 |
|         EXT_LPF                                  |    <0.001 |
|           ACTIVE_LOW_EXT.ACT_LO_EXT              |    <0.001 |
|         SEQ                                      |    <0.001 |
|           SEQ_COUNTER                            |    <0.001 |
|   pmod_tri_iobuf_0                               |    <0.001 |
|   pmod_tri_iobuf_1                               |    <0.001 |
|   pmod_tri_iobuf_10                              |    <0.001 |
|   pmod_tri_iobuf_11                              |    <0.001 |
|   pmod_tri_iobuf_12                              |    <0.001 |
|   pmod_tri_iobuf_13                              |    <0.001 |
|   pmod_tri_iobuf_14                              |    <0.001 |
|   pmod_tri_iobuf_15                              |    <0.001 |
|   pmod_tri_iobuf_16                              |    <0.001 |
|   pmod_tri_iobuf_17                              |    <0.001 |
|   pmod_tri_iobuf_18                              |    <0.001 |
|   pmod_tri_iobuf_19                              |    <0.001 |
|   pmod_tri_iobuf_2                               |    <0.001 |
|   pmod_tri_iobuf_20                              |    <0.001 |
|   pmod_tri_iobuf_21                              |    <0.001 |
|   pmod_tri_iobuf_22                              |    <0.001 |
|   pmod_tri_iobuf_23                              |    <0.001 |
|   pmod_tri_iobuf_3                               |    <0.001 |
|   pmod_tri_iobuf_4                               |    <0.001 |
|   pmod_tri_iobuf_5                               |    <0.001 |
|   pmod_tri_iobuf_6                               |    <0.001 |
|   pmod_tri_iobuf_7                               |    <0.001 |
|   pmod_tri_iobuf_8                               |    <0.001 |
|   pmod_tri_iobuf_9                               |    <0.001 |
+--------------------------------------------------+-----------+


